2025-05-02 15:55:20.373 IST [97676] LOG:  starting PostgreSQL 17.4 (Postgres.app) on aarch64-apple-darwin23.6.0, compiled by Apple clang version 15.0.0 (clang-1500.3.9.4), 64-bit
2025-05-02 15:55:20.375 IST [97676] LOG:  listening on IPv6 address "::1", port 5432
2025-05-02 15:55:20.375 IST [97676] LOG:  listening on IPv4 address "127.0.0.1", port 5432
2025-05-02 15:55:20.375 IST [97676] LOG:  listening on Unix socket "/tmp/.s.PGSQL.5432"
2025-05-02 15:55:20.376 IST [97679] LOG:  database system was shut down at 2025-05-02 15:55:20 IST
2025-05-02 15:55:20.378 IST [97676] LOG:  database system is ready to accept connections
2025-05-02 15:57:44.394 IST [97911] FATAL:  database "student_db" does not exist
2025-05-02 16:00:20.378 IST [97677] LOG:  checkpoint starting: time
2025-05-02 16:02:00.192 IST [97677] LOG:  checkpoint complete: wrote 989 buffers (6.0%); 0 WAL file(s) added, 0 removed, 0 recycled; write=99.796 s, sync=0.013 s, total=99.815 s; sync files=317, longest=0.001 s, average=0.001 s; distance=4663 kB, estimate=4663 kB; lsn=0/1BE73D0, redo lsn=0/1BE7340
2025-05-02 18:55:07.304 IST [13102] LOG:  invalid length of startup packet
2025-05-02 18:55:07.307 IST [13103] LOG:  invalid length of startup packet
2025-05-02 18:55:07.310 IST [13104] LOG:  invalid length of startup packet
2025-05-02 18:55:07.312 IST [13105] LOG:  invalid length of startup packet
2025-05-02 18:55:07.317 IST [13106] LOG:  invalid length of startup packet
2025-05-02 18:55:07.320 IST [13107] LOG:  invalid length of startup packet
2025-05-02 18:55:07.324 IST [13108] LOG:  invalid length of startup packet
2025-05-02 18:55:07.326 IST [13109] LOG:  invalid length of startup packet
2025-05-02 18:55:07.328 IST [13110] LOG:  invalid length of startup packet
2025-05-02 18:55:07.330 IST [13111] LOG:  invalid length of startup packet
2025-05-02 18:55:09.760 IST [13115] LOG:  invalid length of startup packet
2025-05-02 18:55:09.763 IST [13116] LOG:  invalid length of startup packet
2025-05-02 18:55:09.765 IST [13117] LOG:  invalid length of startup packet
2025-05-02 18:55:09.767 IST [13118] LOG:  invalid length of startup packet
2025-05-02 18:55:09.770 IST [13119] LOG:  invalid length of startup packet
2025-05-02 18:55:09.771 IST [13120] LOG:  invalid length of startup packet
2025-05-02 18:55:09.773 IST [13121] LOG:  invalid length of startup packet
2025-05-02 18:55:09.775 IST [13122] LOG:  invalid length of startup packet
2025-05-02 18:55:09.778 IST [13123] LOG:  invalid length of startup packet
2025-05-02 18:55:09.780 IST [13124] LOG:  invalid length of startup packet
2025-05-08 00:55:30.842 IST [97676] LOG:  received smart shutdown request
2025-05-08 00:55:30.845 IST [97676] LOG:  background worker "logical replication launcher" (PID 97682) exited with exit code 1
2025-05-08 00:55:30.845 IST [97677] LOG:  shutting down
2025-05-08 00:55:31.348 IST [97677] LOG:  checkpoint starting: shutdown immediate
2025-05-08 00:55:31.355 IST [97677] LOG:  checkpoint complete: wrote 0 buffers (0.0%); 0 WAL file(s) added, 0 removed, 0 recycled; write=0.004 s, sync=0.001 s, total=0.510 s; sync files=0, longest=0.000 s, average=0.000 s; distance=0 kB, estimate=4196 kB; lsn=0/1BE7480, redo lsn=0/1BE7480
2025-05-08 00:55:31.362 IST [97676] LOG:  database system is shut down
